# JRE version: Java(TM) SE Runtime Environment (8.0_211-b12) (build 1.8.0_211-b12)
# Java VM: Java HotSpot(TM) 64-Bit Server VM (25.211-b12 mixed mode linux-amd64 compressed oops)
Heap:
 PSYoungGen      total 367616K, used 0K [0x00000000d5580000, 0x00000000ffb80000, 0x0000000100000000)
  eden space 317440K, 0% used [0x00000000d5580000,0x00000000d5580000,0x00000000e8b80000)
  from space 50176K, 0% used [0x00000000e8b80000,0x00000000e8b80000,0x00000000ebc80000)
  to   space 188416K, 0% used [0x00000000f4380000,0x00000000f4380000,0x00000000ffb80000)
 ParOldGen       total 798720K, used 797138K [0x0000000080000000, 0x00000000b0c00000, 0x00000000d5580000)
  object space 798720K, 99% used [0x0000000080000000,0x00000000b0a74bb0,0x00000000b0c00000)
 Metaspace       used 39210K, capacity 39592K, committed 39936K, reserved 1083392K
  class space    used 5674K, capacity 5773K, committed 5888K, reserved 1048576K
GC Heap History (10 events):
Event: 16.065 GC heap after
Heap after GC invocations=84 (full 7):
 PSYoungGen      total 506880K, used 68982K [0x00000000d5580000, 0x0000000100000000, 0x0000000100000000)
  eden space 316928K, 0% used [0x00000000d5580000,0x00000000d5580000,0x00000000e8b00000)
  from space 189952K, 36% used [0x00000000e8b00000,0x00000000ece5d858,0x00000000f4480000)
  to   space 189952K, 0% used [0x00000000f4680000,0x00000000f4680000,0x0000000100000000)
 ParOldGen       total 798720K, used 717986K [0x0000000080000000, 0x00000000b0c00000, 0x00000000d5580000)
  object space 798720K, 89% used [0x0000000080000000,0x00000000abd28a80,0x00000000b0c00000)
 Metaspace       used 38918K, capacity 39338K, committed 39552K, reserved 1083392K
  class space    used 5638K, capacity 5736K, committed 5760K, reserved 1048576K
}
Event: 16.323 GC heap before
{Heap before GC invocations=85 (full 7):
 PSYoungGen      total 506880K, used 385910K [0x00000000d5580000, 0x0000000100000000, 0x0000000100000000)
  eden space 316928K, 100% used [0x00000000d5580000,0x00000000e8b00000,0x00000000e8b00000)
  from space 189952K, 36% used [0x00000000e8b00000,0x00000000ece5d858,0x00000000f4480000)
  to   space 189952K, 0% used [0x00000000f4680000,0x00000000f4680000,0x0000000100000000)
 ParOldGen       total 798720K, used 717986K [0x0000000080000000, 0x00000000b0c00000, 0x00000000d5580000)
  object space 798720K, 89% used [0x0000000080000000,0x00000000abd28a80,0x00000000b0c00000)
 Metaspace       used 38918K, capacity 39338K, committed 39552K, reserved 1083392K
  class space    used 5638K, capacity 5736K, committed 5760K, reserved 1048576K
Event: 16.347 GC heap after
Heap after GC invocations=85 (full 7):
 PSYoungGen      total 507904K, used 59606K [0x00000000d5580000, 0x0000000100000000, 0x0000000100000000)
  eden space 317952K, 0% used [0x00000000d5580000,0x00000000d5580000,0x00000000e8c00000)
  from space 189952K, 31% used [0x00000000f4680000,0x00000000f80b5858,0x0000000100000000)
  to   space 190464K, 0% used [0x00000000e8c00000,0x00000000e8c00000,0x00000000f4600000)
 ParOldGen       total 798720K, used 736476K [0x0000000080000000, 0x00000000b0c00000, 0x00000000d5580000)
  object space 798720K, 92% used [0x0000000080000000,0x00000000acf373f0,0x00000000b0c00000)
 Metaspace       used 38918K, capacity 39338K, committed 39552K, reserved 1083392K
  class space    used 5638K, capacity 5736K, committed 5760K, reserved 1048576K
}
Event: 16.572 GC heap before
{Heap before GC invocations=86 (full 7):
 PSYoungGen      total 507904K, used 377558K [0x00000000d5580000, 0x0000000100000000, 0x0000000100000000)
  eden space 317952K, 100% used [0x00000000d5580000,0x00000000e8c00000,0x00000000e8c00000)
  from space 189952K, 31% used [0x00000000f4680000,0x00000000f80b5858,0x0000000100000000)
  to   space 190464K, 0% used [0x00000000e8c00000,0x00000000e8c00000,0x00000000f4600000)
 ParOldGen       total 798720K, used 736476K [0x0000000080000000, 0x00000000b0c00000, 0x00000000d5580000)
  object space 798720K, 92% used [0x0000000080000000,0x00000000acf373f0,0x00000000b0c00000)
 Metaspace       used 38918K, capacity 39338K, committed 39552K, reserved 1083392K
  class space    used 5638K, capacity 5736K, committed 5760K, reserved 1048576K
Event: 16.596 GC heap after
Heap after GC invocations=86 (full 7):
 PSYoungGen      total 368128K, used 49920K [0x00000000d5580000, 0x0000000100000000, 0x0000000100000000)
  eden space 317952K, 0% used [0x00000000d5580000,0x00000000d5580000,0x00000000e8c00000)
  from space 50176K, 99% used [0x00000000e8c00000,0x00000000ebcc0010,0x00000000ebd00000)
  to   space 190976K, 0% used [0x00000000f4580000,0x00000000f4580000,0x0000000100000000)
 ParOldGen       total 798720K, used 755268K [0x0000000080000000, 0x00000000b0c00000, 0x00000000d5580000)
  object space 798720K, 94% used [0x0000000080000000,0x00000000ae1911d0,0x00000000b0c00000)
 Metaspace       used 38918K, capacity 39338K, committed 39552K, reserved 1083392K
  class space    used 5638K, capacity 5736K, committed 5760K, reserved 1048576K
}
Event: 16.852 GC heap before
{Heap before GC invocations=87 (full 7):
 PSYoungGen      total 368128K, used 367872K [0x00000000d5580000, 0x0000000100000000, 0x0000000100000000)
  eden space 317952K, 100% used [0x00000000d5580000,0x00000000e8c00000,0x00000000e8c00000)
  from space 50176K, 99% used [0x00000000e8c00000,0x00000000ebcc0010,0x00000000ebd00000)
  to   space 190976K, 0% used [0x00000000f4580000,0x00000000f4580000,0x0000000100000000)
 ParOldGen       total 798720K, used 755268K [0x0000000080000000, 0x00000000b0c00000, 0x00000000d5580000)
  object space 798720K, 94% used [0x0000000080000000,0x00000000ae1911d0,0x00000000b0c00000)
 Metaspace       used 39213K, capacity 39598K, committed 39936K, reserved 1083392K
  class space    used 5675K, capacity 5774K, committed 5888K, reserved 1048576K
Event: 16.881 GC heap after
Heap after GC invocations=87 (full 7):
 PSYoungGen      total 508416K, used 50294K [0x00000000d5580000, 0x0000000100000000, 0x0000000100000000)
  eden space 317440K, 0% used [0x00000000d5580000,0x00000000d5580000,0x00000000e8b80000)
  from space 190976K, 26% used [0x00000000f4580000,0x00000000f769daa8,0x0000000100000000)
  to   space 190464K, 0% used [0x00000000e8b80000,0x00000000e8b80000,0x00000000f4580000)
 ParOldGen       total 798720K, used 764528K [0x0000000080000000, 0x00000000b0c00000, 0x00000000d5580000)
  object space 798720K, 95% used [0x0000000080000000,0x00000000aea9c390,0x00000000b0c00000)
 Metaspace       used 39213K, capacity 39598K, committed 39936K, reserved 1083392K
  class space    used 5675K, capacity 5774K, committed 5888K, reserved 1048576K
}
Event: 17.046 GC heap before
{Heap before GC invocations=88 (full 7):
 PSYoungGen      total 508416K, used 367734K [0x00000000d5580000, 0x0000000100000000, 0x0000000100000000)
  eden space 317440K, 100% used [0x00000000d5580000,0x00000000e8b80000,0x00000000e8b80000)
  from space 190976K, 26% used [0x00000000f4580000,0x00000000f769daa8,0x0000000100000000)
  to   space 190464K, 0% used [0x00000000e8b80000,0x00000000e8b80000,0x00000000f4580000)
 ParOldGen       total 798720K, used 764528K [0x0000000080000000, 0x00000000b0c00000, 0x00000000d5580000)
  object space 798720K, 95% used [0x0000000080000000,0x00000000aea9c390,0x00000000b0c00000)
 Metaspace       used 39214K, capacity 39598K, committed 39936K, reserved 1083392K
  class space    used 5675K, capacity 5774K, committed 5888K, reserved 1048576K
Event: 17.055 GC heap after
Heap after GC invocations=88 (full 7):
 PSYoungGen      total 367616K, used 49986K [0x00000000d5580000, 0x00000000ffb80000, 0x0000000100000000)
  eden space 317440K, 0% used [0x00000000d5580000,0x00000000d5580000,0x00000000e8b80000)
  from space 50176K, 99% used [0x00000000e8b80000,0x00000000ebc50a60,0x00000000ebc80000)
  to   space 188416K, 0% used [0x00000000f4380000,0x00000000f4380000,0x00000000ffb80000)
 ParOldGen       total 798720K, used 773933K [0x0000000080000000, 0x00000000b0c00000, 0x00000000d5580000)
  object space 798720K, 96% used [0x0000000080000000,0x00000000af3cb500,0x00000000b0c00000)
 Metaspace       used 39214K, capacity 39598K, committed 39936K, reserved 1083392K
  class space    used 5675K, capacity 5774K, committed 5888K, reserved 1048576K
}
Event: 17.060 GC heap before
{Heap before GC invocations=89 (full 8):
 PSYoungGen      total 367616K, used 49986K [0x00000000d5580000, 0x00000000ffb80000, 0x0000000100000000)
  eden space 317440K, 0% used [0x00000000d5580000,0x00000000d5580000,0x00000000e8b80000)
  from space 50176K, 99% used [0x00000000e8b80000,0x00000000ebc50a60,0x00000000ebc80000)
  to   space 188416K, 0% used [0x00000000f4380000,0x00000000f4380000,0x00000000ffb80000)
 ParOldGen       total 798720K, used 773933K [0x0000000080000000, 0x00000000b0c00000, 0x00000000d5580000)
  object space 798720K, 96% used [0x0000000080000000,0x00000000af3cb500,0x00000000b0c00000)
 Metaspace       used 39214K, capacity 39598K, committed 39936K, reserved 1083392K
  class space    used 5675K, capacity 5774K, committed 5888K, reserved 1048576K

