# JRE version: Java(TM) SE Runtime Environment (8.0_211-b12) (build 1.8.0_211-b12)
# Java VM: Java HotSpot(TM) 64-Bit Server VM (25.211-b12 mixed mode linux-amd64 compressed oops)
Heap:
 PSYoungGen      total 511488K, used 0K [0x00000000d6980000, 0x00000000ff080000, 0x0000000100000000)
  eden space 362496K, 0% used [0x00000000d6980000,0x00000000d6980000,0x00000000ecb80000)
  from space 148992K, 0% used [0x00000000f5880000,0x00000000f5880000,0x00000000fea00000)
  to   space 144384K, 0% used [0x00000000ecb80000,0x00000000ecb80000,0x00000000f5880000)
 ParOldGen       total 1055232K, used 1031513K [0x0000000083c00000, 0x00000000c4280000, 0x00000000d6980000)
  object space 1055232K, 97% used [0x0000000083c00000,0x00000000c2b565f0,0x00000000c4280000)
 Metaspace       used 61505K, capacity 62231K, committed 62592K, reserved 1103872K
  class space    used 7807K, capacity 7980K, committed 8064K, reserved 1048576K
GC Heap History (10 events):
Event: 24.899 GC heap after
Heap after GC invocations=151 (full 9):
 PSYoungGen      total 507904K, used 91825K [0x00000000d6980000, 0x0000000100000000, 0x0000000100000000)
  eden space 336896K, 0% used [0x00000000d6980000,0x00000000d6980000,0x00000000eb280000)
  from space 171008K, 53% used [0x00000000f5900000,0x00000000fb2ac460,0x0000000100000000)
  to   space 170496K, 0% used [0x00000000eb280000,0x00000000eb280000,0x00000000f5900000)
 ParOldGen       total 1055232K, used 939660K [0x0000000083c00000, 0x00000000c4280000, 0x00000000d6980000)
  object space 1055232K, 89% used [0x0000000083c00000,0x00000000bd1a3360,0x00000000c4280000)
 Metaspace       used 61527K, capacity 62267K, committed 62592K, reserved 1103872K
  class space    used 7810K, capacity 7986K, committed 8064K, reserved 1048576K
}
Event: 24.984 GC heap before
{Heap before GC invocations=152 (full 9):
 PSYoungGen      total 507904K, used 428721K [0x00000000d6980000, 0x0000000100000000, 0x0000000100000000)
  eden space 336896K, 100% used [0x00000000d6980000,0x00000000eb280000,0x00000000eb280000)
  from space 171008K, 53% used [0x00000000f5900000,0x00000000fb2ac460,0x0000000100000000)
  to   space 170496K, 0% used [0x00000000eb280000,0x00000000eb280000,0x00000000f5900000)
 ParOldGen       total 1055232K, used 939660K [0x0000000083c00000, 0x00000000c4280000, 0x00000000d6980000)
  object space 1055232K, 89% used [0x0000000083c00000,0x00000000bd1a3360,0x00000000c4280000)
 Metaspace       used 61527K, capacity 62267K, committed 62592K, reserved 1103872K
  class space    used 7810K, capacity 7986K, committed 8064K, reserved 1048576K
Event: 25.012 GC heap after
Heap after GC invocations=152 (full 9):
 PSYoungGen      total 415744K, used 78459K [0x00000000d6980000, 0x00000000ff480000, 0x0000000100000000)
  eden space 336896K, 0% used [0x00000000d6980000,0x00000000d6980000,0x00000000eb280000)
  from space 78848K, 99% used [0x00000000eb280000,0x00000000eff1ec50,0x00000000eff80000)
  to   space 164864K, 0% used [0x00000000f5380000,0x00000000f5380000,0x00000000ff480000)
 ParOldGen       total 1055232K, used 965106K [0x0000000083c00000, 0x00000000c4280000, 0x00000000d6980000)
  object space 1055232K, 91% used [0x0000000083c00000,0x00000000bea7cb68,0x00000000c4280000)
 Metaspace       used 61527K, capacity 62267K, committed 62592K, reserved 1103872K
  class space    used 7810K, capacity 7986K, committed 8064K, reserved 1048576K
}
Event: 25.145 GC heap before
{Heap before GC invocations=153 (full 9):
 PSYoungGen      total 415744K, used 415355K [0x00000000d6980000, 0x00000000ff480000, 0x0000000100000000)
  eden space 336896K, 100% used [0x00000000d6980000,0x00000000eb280000,0x00000000eb280000)
  from space 78848K, 99% used [0x00000000eb280000,0x00000000eff1ec50,0x00000000eff80000)
  to   space 164864K, 0% used [0x00000000f5380000,0x00000000f5380000,0x00000000ff480000)
 ParOldGen       total 1055232K, used 965106K [0x0000000083c00000, 0x00000000c4280000, 0x00000000d6980000)
  object space 1055232K, 91% used [0x0000000083c00000,0x00000000bea7cb68,0x00000000c4280000)
 Metaspace       used 61545K, capacity 62297K, committed 62592K, reserved 1103872K
  class space    used 7813K, capacity 7991K, committed 8064K, reserved 1048576K
Event: 25.163 GC heap after
Heap after GC invocations=153 (full 9):
 PSYoungGen      total 510976K, used 64972K [0x00000000d6980000, 0x0000000100000000, 0x0000000100000000)
  eden space 346112K, 0% used [0x00000000d6980000,0x00000000d6980000,0x00000000ebb80000)
  from space 164864K, 39% used [0x00000000f5380000,0x00000000f92f3070,0x00000000ff480000)
  to   space 155648K, 0% used [0x00000000ebb80000,0x00000000ebb80000,0x00000000f5380000)
 ParOldGen       total 1055232K, used 990226K [0x0000000083c00000, 0x00000000c4280000, 0x00000000d6980000)
  object space 1055232K, 93% used [0x0000000083c00000,0x00000000c0304b68,0x00000000c4280000)
 Metaspace       used 61545K, capacity 62297K, committed 62592K, reserved 1103872K
  class space    used 7813K, capacity 7991K, committed 8064K, reserved 1048576K
}
Event: 25.250 GC heap before
{Heap before GC invocations=154 (full 9):
 PSYoungGen      total 510976K, used 411084K [0x00000000d6980000, 0x0000000100000000, 0x0000000100000000)
  eden space 346112K, 100% used [0x00000000d6980000,0x00000000ebb80000,0x00000000ebb80000)
  from space 164864K, 39% used [0x00000000f5380000,0x00000000f92f3070,0x00000000ff480000)
  to   space 155648K, 0% used [0x00000000ebb80000,0x00000000ebb80000,0x00000000f5380000)
 ParOldGen       total 1055232K, used 990226K [0x0000000083c00000, 0x00000000c4280000, 0x00000000d6980000)
  object space 1055232K, 93% used [0x0000000083c00000,0x00000000c0304b68,0x00000000c4280000)
 Metaspace       used 61545K, capacity 62297K, committed 62592K, reserved 1103872K
  class space    used 7813K, capacity 7991K, committed 8064K, reserved 1048576K
Event: 25.272 GC heap after
Heap after GC invocations=154 (full 9):
 PSYoungGen      total 501760K, used 53942K [0x00000000d6980000, 0x00000000fea00000, 0x0000000100000000)
  eden space 346112K, 0% used [0x00000000d6980000,0x00000000d6980000,0x00000000ebb80000)
  from space 155648K, 34% used [0x00000000ebb80000,0x00000000ef02d848,0x00000000f5380000)
  to   space 148992K, 0% used [0x00000000f5880000,0x00000000f5880000,0x00000000fea00000)
 ParOldGen       total 1055232K, used 1012992K [0x0000000083c00000, 0x00000000c4280000, 0x00000000d6980000)
  object space 1055232K, 95% used [0x0000000083c00000,0x00000000c1940390,0x00000000c4280000)
 Metaspace       used 61545K, capacity 62297K, committed 62592K, reserved 1103872K
  class space    used 7813K, capacity 7991K, committed 8064K, reserved 1048576K
}
Event: 25.358 GC heap before
{Heap before GC invocations=155 (full 9):
 PSYoungGen      total 501760K, used 400054K [0x00000000d6980000, 0x00000000fea00000, 0x0000000100000000)
  eden space 346112K, 100% used [0x00000000d6980000,0x00000000ebb80000,0x00000000ebb80000)
  from space 155648K, 34% used [0x00000000ebb80000,0x00000000ef02d848,0x00000000f5380000)
  to   space 148992K, 0% used [0x00000000f5880000,0x00000000f5880000,0x00000000fea00000)
 ParOldGen       total 1055232K, used 1012992K [0x0000000083c00000, 0x00000000c4280000, 0x00000000d6980000)
  object space 1055232K, 95% used [0x0000000083c00000,0x00000000c1940390,0x00000000c4280000)
 Metaspace       used 61545K, capacity 62297K, committed 62592K, reserved 1103872K
  class space    used 7813K, capacity 7991K, committed 8064K, reserved 1048576K
Event: 25.376 GC heap after
Heap after GC invocations=155 (full 9):
 PSYoungGen      total 511488K, used 44587K [0x00000000d6980000, 0x00000000ff080000, 0x0000000100000000)
  eden space 362496K, 0% used [0x00000000d6980000,0x00000000d6980000,0x00000000ecb80000)
  from space 148992K, 29% used [0x00000000f5880000,0x00000000f840ac50,0x00000000fea00000)
  to   space 144384K, 0% used [0x00000000ecb80000,0x00000000ecb80000,0x00000000f5880000)
 ParOldGen       total 1055232K, used 1033672K [0x0000000083c00000, 0x00000000c4280000, 0x00000000d6980000)
  object space 1055232K, 97% used [0x0000000083c00000,0x00000000c2d72390,0x00000000c4280000)
 Metaspace       used 61545K, capacity 62297K, committed 62592K, reserved 1103872K
  class space    used 7813K, capacity 7991K, committed 8064K, reserved 1048576K
}
Event: 25.376 GC heap before
{Heap before GC invocations=156 (full 10):
 PSYoungGen      total 511488K, used 44587K [0x00000000d6980000, 0x00000000ff080000, 0x0000000100000000)
  eden space 362496K, 0% used [0x00000000d6980000,0x00000000d6980000,0x00000000ecb80000)
  from space 148992K, 29% used [0x00000000f5880000,0x00000000f840ac50,0x00000000fea00000)
  to   space 144384K, 0% used [0x00000000ecb80000,0x00000000ecb80000,0x00000000f5880000)
 ParOldGen       total 1055232K, used 1033672K [0x0000000083c00000, 0x00000000c4280000, 0x00000000d6980000)
  object space 1055232K, 97% used [0x0000000083c00000,0x00000000c2d72390,0x00000000c4280000)
 Metaspace       used 61545K, capacity 62297K, committed 62592K, reserved 1103872K
  class space    used 7813K, capacity 7991K, committed 8064K, reserved 1048576K

